<?xml version="1.0" encoding="UTF-8"?>
<testsuite name="BarTest" tests="1" skipped="0" failures="0" errors="0" timestamp="2022-11-15T09:09:04" hostname="HPLINUX" time="0.01">
  <properties/>
  <testcase name="happyHour()" classname="BarTest" time="0.01"/>
  <system-out><![CDATA[]]></system-out>
  <system-err><![CDATA[]]></system-err>
</testsuite>
