<?xml version="1.0" encoding="UTF-8"?>
<testsuite name="StringTransformerTest" tests="6" skipped="0" failures="0" errors="0" timestamp="2022-11-11T21:29:16" hostname="HPLINUX" time="0.017">
  <properties/>
  <testcase name="stringReplacer()" classname="StringTransformerTest" time="0.012"/>
  <testcase name="stringInverter()" classname="StringTransformerTest" time="0.001"/>
  <testcase name="transformerGroup()" classname="StringTransformerTest" time="0.001"/>
  <testcase name="stringRecipe()" classname="StringTransformerTest" time="0.001"/>
  <testcase name="StringDrink()" classname="StringTransformerTest" time="0.0"/>
  <testcase name="stringCaseChanger()" classname="StringTransformerTest" time="0.0"/>
  <system-out><![CDATA[]]></system-out>
  <system-err><![CDATA[]]></system-err>
</testsuite>
