<?xml version="1.0" encoding="UTF-8"?>
<testsuite name="com.aor.numbers.DivisibleByFilterTest" tests="1" skipped="0" failures="0" errors="0" timestamp="2022-11-08T08:40:53" hostname="HPLINUX" time="0.015">
  <properties/>
  <testcase name="acceptdividedby5()" classname="com.aor.numbers.DivisibleByFilterTest" time="0.015"/>
  <system-out><![CDATA[]]></system-out>
  <system-err><![CDATA[]]></system-err>
</testsuite>
